<?xml version="1.0" encoding="UTF-8"?>
<!-- Generated by org.testng.reporters.JUnitReportReporter -->
<testsuite hostname="ajay-PC" name="test.YahooTest" tests="2" failures="0" timestamp="13 Mar 2015 21:10:23 GMT" time="0.000" errors="0">
  <testcase name="testSendMail" time="0.000" classname="test.YahooTest"/>
  <testcase name="testReceivedMail" time="0.000" classname="test.YahooTest"/>
</testsuite> <!-- test.YahooTest -->
