<?xml version="1.0" encoding="UTF-8"?>
<!-- Generated by org.testng.reporters.JUnitReportReporter -->
<testsuite hostname="ajay-PC" name="test.YahooTest" tests="2" failures="0" timestamp="30 Jul 2015 01:07:27 GMT" time="0.002" errors="0">
  <testcase name="testSendMail" time="0.000" classname="test.YahooTest"/>
  <testcase name="testReceivedMail" time="0.002" classname="test.YahooTest"/>
</testsuite> <!-- test.YahooTest -->
