<?xml version="1.0" encoding="UTF-8"?>
<!-- Generated by org.testng.reporters.JUnitReportReporter -->
<testsuite hostname="ajay-PC" name="SampleTest" tests="2" failures="0" timestamp="17 Oct 2014 23:53:24 GMT" time="0.016" errors="0">
  <testcase name="loginTest" time="0.015" classname="SampleTest"/>
  <testcase name="testApp" time="0.001" classname="SampleTest"/>
</testsuite> <!-- SampleTest -->
