<?xml version="1.0" encoding="UTF-8"?>
<!-- Generated by org.testng.reporters.JUnitReportReporter -->
<testsuite hostname="ajay-PC" name="test.YahooRegistrationTest" tests="3" failures="0" timestamp="13 Mar 2015 21:10:23 GMT" time="0.000" errors="0">
  <testcase name="testRegister" time="0.000" classname="test.YahooRegistrationTest"/>
  <testcase name="testRegister" time="0.000" classname="test.YahooRegistrationTest"/>
  <testcase name="testRegister" time="0.000" classname="test.YahooRegistrationTest"/>
</testsuite> <!-- test.YahooRegistrationTest -->
