<?xml version="1.0" encoding="UTF-8"?>
<!-- Generated by org.testng.reporters.JUnitReportReporter -->
<testsuite hostname="ajay-PC" name="SampleTest" tests="2" failures="0" timestamp="29 May 2015 01:37:43 GMT" time="0.048" errors="0">
  <testcase name="testApp" time="0.001" classname="SampleTest"/>
  <testcase name="loginTest" time="0.047" classname="SampleTest"/>
</testsuite> <!-- SampleTest -->
